<?xml version="1.0" encoding="UTF-8"?>
<!-- Generated by org.testng.reporters.JUnitReportReporter -->
<testsuite skipped="0" hostname="PraveenSunkara" name="com.gittest.samplepackage.SampleTest" tests="1" failures="0" timestamp="05 Jun 2019 16:40:29 GMT" time="0.017" errors="0">
  <testcase name="test" time="0.017" classname="com.gittest.samplepackage.SampleTest"/>
</testsuite> <!-- com.gittest.samplepackage.SampleTest -->
